
  EPA STORM WATER MANAGEMENT MODEL - VERSION 5.2 (Build 5.2.4)
  PYSWMM TOOLKIT API - VERSION v1.0 (2023-11-27)
  ------------------------------------------------------------

  
  ****************
  Analysis Options
  ****************
  Flow Units ............... CMS
  Process Models:
    Rainfall/Runoff ........ YES
    RDII ................... NO
    Snowmelt ............... NO
    Groundwater ............ NO
    Flow Routing ........... YES
    Ponding Allowed ........ YES
    Water Quality .......... NO
  Infiltration Method ...... HORTON
  Flow Routing Method ...... DYNWAVE
  Surcharge Method ......... EXTRAN
  Starting Date ............ 01/01/2000 08:00:00
  Ending Date .............. 01/01/2000 16:00:00
  Antecedent Dry Days ...... 0.0
  Report Time Step ......... 00:05:00
  Wet Time Step ............ 00:05:00
  Dry Time Step ............ 00:05:00
  Routing Time Step ........ 30.00 sec
  Variable Time Step ....... YES
  Maximum Trials ........... 8
  Number of Threads ........ 1
  Head Tolerance ........... 0.001500 m
  
  
  **************************        Volume         Depth
  Runoff Quantity Continuity     hectare-m            mm
  **************************     ---------       -------
  Total Precipitation ......         1.054         5.851
  Evaporation Loss .........         0.000         0.000
  Infiltration Loss ........         0.000         0.000
  Surface Runoff ...........         1.034         5.739
  Final Storage ............         0.022         0.123
  Continuity Error (%) .....        -0.180
  
  
  **************************        Volume        Volume
  Flow Routing Continuity        hectare-m      10^6 ltr
  **************************     ---------     ---------
  Dry Weather Inflow .......         0.399         3.989
  Wet Weather Inflow .......         1.033        10.334
  Groundwater Inflow .......         0.000         0.000
  RDII Inflow ..............         0.000         0.000
  External Inflow ..........         0.000         0.000
  External Outflow .........         0.620         6.200
  Flooding Loss ............         0.248         2.485
  Evaporation Loss .........         0.000         0.000
  Exfiltration Loss ........         0.000         0.000
  Initial Stored Volume ....         0.000         0.000
  Final Stored Volume ......         0.452         4.516
  Continuity Error (%) .....         7.836
  
  
  *************************
  Highest Continuity Errors
  *************************
  Node T5 (22.60%)
  Node T3 (16.10%)
  Node T1 (8.29%)
  Node T6 (5.75%)
  Node T4 (3.21%)
  
  
  ***************************
  Time-Step Critical Elements
  ***************************
  Link C15 (26.02%)
  Link C21 (7.95%)
  
  
  ********************************
  Highest Flow Instability Indexes
  ********************************
  Link C8 (2)
  Link C21 (2)
  Link C20 (1)
  Link C4 (1)
  
  
  *********************************
  Most Frequent Nonconverging Nodes
  *********************************
  Node Out_to_WWTP (0.38%)
  Node CSO9 (0.28%)
  Node CSO10 (0.09%)
  
  
  *************************
  Routing Time Step Summary
  *************************
  Minimum Time Step           :     3.47 sec
  Average Time Step           :    26.96 sec
  Maximum Time Step           :    30.00 sec
  % of Time in Steady State   :     0.00
  Average Iterations per Step :     2.18
  % of Steps Not Converging   :     0.38
  Time Step Frequencies       :
     30.000 - 13.228 sec      :    98.48 %
     13.228 -  5.833 sec      :     0.95 %
      5.833 -  2.572 sec      :     0.57 %
      2.572 -  1.134 sec      :     0.00 %
      1.134 -  0.500 sec      :     0.00 %
  
  
  ***************************
  Subcatchment Runoff Summary
  ***************************
  
  ------------------------------------------------------------------------------------------------------------------------------
                            Total      Total      Total      Total     Imperv       Perv      Total       Total     Peak  Runoff
                           Precip      Runon       Evap      Infil     Runoff     Runoff     Runoff      Runoff   Runoff   Coeff
  Subcatchment                 mm         mm         mm         mm         mm         mm         mm    10^6 ltr      CMS
  ------------------------------------------------------------------------------------------------------------------------------
  SC01                       7.63       0.00       0.00       0.00       7.56       0.00       7.56        2.50     0.53   0.991
  SC02                       3.67       0.00       0.00       0.00       3.59       0.00       3.59        0.82     0.23   0.978
  SC03                       4.19       0.00       0.00       0.00       4.13       0.00       4.13        0.74     0.23   0.986
  SC04                       3.67       0.00       0.00       0.00       3.50       0.00       3.50        0.24     0.05   0.953
  SC05                       7.63       0.00       0.00       0.00       7.56       0.00       7.56        1.18     0.25   0.990
  SC06                       6.97       0.00       0.00       0.00       6.75       0.00       6.75        2.20     0.35   0.969
  SC07                       3.67       0.00       0.00       0.00       3.50       0.00       3.50        0.17     0.03   0.953
  SC08                       4.19       0.00       0.00       0.00       4.09       0.00       4.09        1.14     0.29   0.975
  SC09                       6.97       0.00       0.00       0.00       6.85       0.00       6.85        0.47     0.08   0.982
  SC010                      7.63       0.00       0.00       0.00       7.53       0.00       7.53        0.89     0.18   0.988
  
  
  ******************
  Node Depth Summary
  ******************
  
  ---------------------------------------------------------------------------------
                                 Average  Maximum  Maximum  Time of Max    Reported
                                   Depth    Depth      HGL   Occurrence   Max Depth
  Node                 Type       Meters   Meters   Meters  days hr:min      Meters
  ---------------------------------------------------------------------------------
  J1                   JUNCTION     0.08     0.17    34.17     0  02:15        0.17
  J3                   JUNCTION     0.12     0.15    18.15     0  04:50        0.15
  CSO7                 JUNCTION     0.09     0.17    34.17     0  02:30        0.17
  J5                   JUNCTION     0.06     0.11    32.11     0  02:30        0.11
  CSO9                 JUNCTION     0.16     0.66    40.66     0  02:00        0.62
  J8                   JUNCTION     0.12     0.22    36.22     0  02:15        0.22
  CSO8                 JUNCTION     0.12     0.37    32.37     0  02:20        0.36
  J10                  JUNCTION     0.09     0.22    29.22     0  02:23        0.22
  J13                  JUNCTION     0.06     0.13    29.13     0  02:15        0.13
  J15                  JUNCTION     0.20     0.31    15.31     0  02:19        0.31
  J16                  JUNCTION     0.08     0.18    30.18     0  02:15        0.18
  CSO10                JUNCTION     0.15     0.74    30.74     0  02:15        0.51
  J12                  JUNCTION     0.15     0.27    26.27     0  02:27        0.27
  J4                   JUNCTION     0.11     0.20    33.20     0  02:32        0.20
  J6                   JUNCTION     0.07     0.09    25.09     0  03:39        0.09
  J2                   JUNCTION     0.07     0.08    25.08     0  03:40        0.08
  J19                  JUNCTION     0.15     0.17     8.17     0  02:17        0.17
  J9                   JUNCTION     0.13     0.16    29.16     0  03:23        0.16
  J14                  JUNCTION     0.13     0.17    20.17     0  06:24        0.17
  J17                  JUNCTION     0.08     0.11    20.11     0  03:21        0.11
  J7                   JUNCTION     0.09     0.19    39.19     0  02:03        0.19
  J11                  JUNCTION     0.09     0.23    31.23     0  02:25        0.23
  J18                  JUNCTION     0.06     0.15    29.15     0  02:17        0.15
  Out_to_WWTP          OUTFALL      0.15     0.17     6.17     0  07:50        0.17
  T5                   STORAGE      3.52     5.00    32.00     0  02:59        5.00
  T4                   STORAGE      0.67     1.36    28.36     0  03:38        1.36
  T6                   STORAGE      2.67     5.00    36.00     0  02:48        5.00
  T3                   STORAGE      2.08     3.40    25.40     0  06:09        3.40
  T2                   STORAGE      0.62     1.31    22.31     0  03:20        1.31
  T1                   STORAGE      3.90     5.00    15.00     0  02:16        5.00
  
  
  *******************
  Node Inflow Summary
  *******************
  
  -------------------------------------------------------------------------------------------------
                                  Maximum  Maximum                  Lateral       Total        Flow
                                  Lateral    Total  Time of Max      Inflow      Inflow     Balance
                                   Inflow   Inflow   Occurrence      Volume      Volume       Error
  Node                 Type           CMS      CMS  days hr:min    10^6 ltr    10^6 ltr     Percent
  -------------------------------------------------------------------------------------------------
  J1                   JUNCTION     0.268    0.268     0  02:15        1.74        1.74      -0.001
  J3                   JUNCTION     0.000    0.230     0  04:48           0        4.78       0.872
  CSO7                 JUNCTION     0.045    0.045     0  02:30       0.459       0.459       0.113
  J5                   JUNCTION     0.055    0.098     0  02:30        0.37       0.825       0.141
  CSO9                 JUNCTION     0.090    0.090     0  02:00        0.67        0.67       0.027
  J8                   JUNCTION     0.383    0.471     0  02:15        3.15        3.81       0.080
  CSO8                 JUNCTION     0.298    0.298     0  02:20        1.44        1.44       0.054
  J10                  JUNCTION     0.245    0.526     0  02:22        1.13        2.57       0.214
  J13                  JUNCTION     0.244    0.244     0  02:15        1.29        1.29      -0.306
  J15                  JUNCTION     0.000    0.882     0  02:16           0          10       0.923
  J16                  JUNCTION     0.550    0.550     0  02:15        3.05        3.05      -0.043
  CSO10                JUNCTION     0.186    0.186     0  02:15        1.02        1.02      -0.015
  J12                  JUNCTION     0.000    0.667     0  02:24           0        5.79       0.500
  J4                   JUNCTION     0.000    0.045     0  02:30           0       0.459       0.821
  J6                   JUNCTION     0.000    0.041     0  03:38           0       0.759       0.425
  J2                   JUNCTION     0.000    0.039     0  02:59           0       0.868       0.590
  J19                  JUNCTION     0.000    0.271     0  02:16           0        6.21       0.203
  J9                   JUNCTION     0.000    0.175     0  02:48           0        3.25       0.586
  J14                  JUNCTION     0.000    0.156     0  06:09           0        3.16       0.276
  J17                  JUNCTION     0.000    0.071     0  03:20           0        1.22       0.482
  J7                   JUNCTION     0.000    0.090     0  02:00           0        0.67       0.483
  J11                  JUNCTION     0.000    0.298     0  02:21           0        1.44       0.415
  J18                  JUNCTION     0.000    0.185     0  02:15           0        1.02       0.084
  Out_to_WWTP          OUTFALL      0.000    0.271     0  02:18           0         6.2       0.000
  T5                   STORAGE      0.000    0.266     0  02:15           0        1.74      29.203
  T4                   STORAGE      0.000    0.098     0  02:31           0       0.824       3.316
  T6                   STORAGE      0.000    0.471     0  02:15           0        3.81       6.101
  T3                   STORAGE      0.000    0.660     0  02:27           0        5.77      19.195
  T2                   STORAGE      0.000    0.243     0  02:15           0        1.29       2.092
  T1                   STORAGE      0.000    0.855     0  02:19           0        9.93       9.044
  
  
  **********************
  Node Surcharge Summary
  **********************
  
  Surcharging occurs when water rises above the top of the highest conduit.
  ---------------------------------------------------------------------
                                               Max. Height   Min. Depth
                                   Hours       Above Crown    Below Rim
  Node                 Type      Surcharged         Meters       Meters
  ---------------------------------------------------------------------
  CSO9                 JUNCTION        0.68          0.338        1.344
  CSO10                JUNCTION        0.14          0.297        0.263
  
  
  *********************
  Node Flooding Summary
  *********************
  
  Flooding refers to all water that overflows a node, whether it ponds or not.
  --------------------------------------------------------------------------
                                                             Total   Maximum
                                 Maximum   Time of Max       Flood    Ponded
                        Hours       Rate    Occurrence      Volume     Depth
  Node                 Flooded       CMS   days hr:min    10^6 ltr    Meters
  --------------------------------------------------------------------------
  T5                      0.77     0.095      0  03:01       0.087     0.000
  T6                      0.58     0.222      0  02:48       0.195     0.000
  T1                      5.14     0.585      0  02:19       2.201     0.000
  
  
  **********************
  Storage Volume Summary
  **********************
  
  ------------------------------------------------------------------------------------------------
                         Average    Avg   Evap  Exfil     Maximum    Max    Time of Max    Maximum
                          Volume   Pcnt   Pcnt   Pcnt      Volume   Pcnt     Occurrence    Outflow
  Storage Unit           1000 m³   Full   Loss   Loss     1000 m³   Full    days hr:min        CMS
  ------------------------------------------------------------------------------------------------
  T5                       0.352   70.5    0.0    0.0       0.500  100.0       0  02:59      0.039
  T4                       0.067   13.5    0.0    0.0       0.136   27.2       0  03:38      0.041
  T6                       0.321   53.4    0.0    0.0       0.600  100.0       0  02:48      0.175
  T3                       1.081   41.6    0.0    0.0       1.770   68.1       0  06:09      0.156
  T2                       0.124   12.4    0.0    0.0       0.262   26.2       0  03:20      0.071
  T1                       0.546   78.0    0.0    0.0       0.700  100.0       0  02:16      0.271
  
  
  ***********************
  Outfall Loading Summary
  ***********************
  
  -----------------------------------------------------------
                         Flow       Avg       Max       Total
                         Freq      Flow      Flow      Volume
  Outfall Node           Pcnt       CMS       CMS    10^6 ltr
  -----------------------------------------------------------
  Out_to_WWTP           98.96     0.222     0.271       6.200
  -----------------------------------------------------------
  System                98.96     0.222     0.271       6.200
  
  
  ********************
  Link Flow Summary
  ********************
  
  -----------------------------------------------------------------------------
                                 Maximum  Time of Max   Maximum    Max/    Max/
                                  |Flow|   Occurrence   |Veloc|    Full    Full
  Link                 Type          CMS  days hr:min     m/sec    Flow   Depth
  -----------------------------------------------------------------------------
  C1                   CONDUIT     0.039     0  03:41      0.92    0.01    0.11
  C6                   CONDUIT     0.044     0  02:32      1.21    0.70    0.51
  C2                   CONDUIT     0.041     0  03:39      1.05    0.05    0.20
  C9                   CONDUIT     0.089     0  02:03      1.17    0.30    0.41
  C16                  CONDUIT     0.295     0  02:25      1.50    0.03    0.11
  C3                   CONDUIT     0.156     0  06:10      1.95    0.06    0.16
  C19                  CONDUIT     0.071     0  03:22      0.88    0.02    0.20
  C11                  CONDUIT     0.230     0  04:50      1.80    0.01    0.11
  C20                  CONDUIT     0.545     0  02:15      2.78    0.02    0.12
  C22                  CONDUIT     0.181     0  02:17      1.50    0.08    0.29
  C12                  CONDUIT     0.175     0  03:23      1.42    0.01    0.11
  C17                  CONDUIT     0.523     0  02:24      2.41    0.03    0.12
  C10                  CONDUIT     0.471     0  02:15      1.66    0.05    0.57
  C13                  CONDUIT     0.660     0  02:27      1.54    0.04    0.56
  C18                  CONDUIT     0.243     0  02:15      3.36    0.01    0.35
  C23                  CONDUIT     0.855     0  02:19      1.26    0.09    0.60
  C4                   CONDUIT     0.266     0  02:15      3.06    0.06    0.59
  C7                   CONDUIT     0.098     0  02:31      1.44    0.02    0.55
  C14                  CONDUIT     0.271     0  02:18      2.08    0.02    0.09
  C5                   CONDUIT     0.045     0  02:30      1.23    0.77    0.72
  C8                   CONDUIT     0.090     0  02:00      1.33    1.13    0.80
  C15                  CONDUIT     0.298     0  02:21      2.65    0.95    0.66
  C21                  CONDUIT     0.185     0  02:15      1.76    1.06    0.68
  V4                   ORIFICE     0.041     0  03:38                      1.00
  V5                   ORIFICE     0.039     0  02:59                      1.00
  V1                   ORIFICE     0.271     0  02:16                      1.00
  V6                   ORIFICE     0.175     0  02:48                      1.00
  V3                   ORIFICE     0.156     0  06:09                      1.00
  V2                   ORIFICE     0.071     0  03:20                      1.00
  
  
  ***************************
  Flow Classification Summary
  ***************************
  
  -------------------------------------------------------------------------------------
                      Adjusted    ---------- Fraction of Time in Flow Class ---------- 
                       /Actual         Up    Down  Sub   Sup   Up    Down  Norm  Inlet 
  Conduit               Length    Dry  Dry   Dry   Crit  Crit  Crit  Crit  Ltd   Ctrl  
  -------------------------------------------------------------------------------------
  C1                      1.00   0.00  0.00  0.00  0.76  0.24  0.00  0.00  0.96  0.00
  C6                      1.00   0.00  0.00  0.00  0.01  0.99  0.00  0.00  0.00  0.00
  C2                      1.00   0.00  0.00  0.00  0.30  0.70  0.00  0.00  0.96  0.00
  C9                      1.00   0.00  0.00  0.00  1.00  0.00  0.00  0.00  1.00  0.00
  C16                     1.00   0.00  0.00  0.00  0.66  0.34  0.00  0.00  0.55  0.00
  C3                      1.00   0.00  0.01  0.00  0.05  0.94  0.00  0.00  0.08  0.00
  C19                     1.00   0.00  0.00  0.00  1.00  0.00  0.00  0.00  1.00  0.00
  C11                     1.00   0.00  0.00  0.00  0.24  0.75  0.00  0.00  1.00  0.00
  C20                     1.00   0.00  0.00  0.00  0.64  0.36  0.00  0.00  0.98  0.00
  C22                     1.00   0.00  0.00  0.00  0.83  0.17  0.00  0.00  1.00  0.00
  C12                     1.00   0.00  0.00  0.00  0.22  0.77  0.00  0.00  0.53  0.00
  C17                     1.00   0.00  0.00  0.00  0.54  0.46  0.00  0.00  0.97  0.00
  C10                     1.00   0.00  0.00  0.00  0.94  0.06  0.00  0.00  0.98  0.00
  C13                     1.00   0.00  0.00  0.00  0.87  0.13  0.00  0.00  0.91  0.00
  C18                     1.00   0.00  0.00  0.00  0.76  0.24  0.00  0.00  0.97  0.00
  C23                     1.00   0.00  0.00  0.00  0.90  0.10  0.00  0.00  0.95  0.00
  C4                      1.00   0.00  0.00  0.00  0.96  0.04  0.00  0.00  0.98  0.00
  C7                      1.00   0.00  0.00  0.00  0.91  0.09  0.00  0.00  0.96  0.00
  C14                     1.00   0.00  0.01  0.00  0.01  0.98  0.00  0.00  0.01  0.00
  C5                      1.00   0.00  0.00  0.00  0.90  0.10  0.00  0.00  0.98  0.00
  C8                      1.00   0.00  0.00  0.00  0.15  0.85  0.00  0.00  0.00  0.00
  C15                     1.00   0.00  0.00  0.00  0.00  1.00  0.00  0.00  0.00  0.00
  C21                     1.00   0.00  0.00  0.00  0.01  0.99  0.00  0.00  0.00  0.00
  
  
  *************************
  Conduit Surcharge Summary
  *************************
  
  ----------------------------------------------------------------------------
                                                           Hours        Hours 
                         --------- Hours Full --------   Above Full   Capacity
  Conduit                Both Ends  Upstream  Dnstream   Normal Flow   Limited
  ----------------------------------------------------------------------------
  C10                         0.01      0.01      5.48      0.01         0.01
  C13                         0.01      0.01      5.07      0.01         0.01
  C23                         0.01      0.01      6.22      0.01         0.01
  C4                          0.01      0.01      6.27      0.01         0.01
  C7                          0.01      0.01      2.45      0.01         0.01
  C8                          0.01      0.68      0.01      0.69         0.01
  C21                         0.01      0.14      0.01      0.09         0.01
  

  Analysis begun on:  Fri Nov 29 10:02:16 2024
  Analysis ended on:  Fri Nov 29 10:02:16 2024
  Total elapsed time: < 1 sec